2024-04-15T12:09:47.908+0900 [DEBUG] [org.gradle.launcher.daemon.bootstrap.DaemonMain] Assuming the daemon was started with following jvm opts: [--add-opens=java.base/java.util=ALL-UNNAMED, --add-opens=java.base/java.lang=ALL-UNNAMED, --add-opens=java.base/java.lang.invoke=ALL-UNNAMED, --add-opens=java.prefs/java.util.prefs=ALL-UNNAMED, --add-opens=java.base/java.nio.charset=ALL-UNNAMED, --add-opens=java.base/java.net=ALL-UNNAMED, --add-opens=java.base/java.util.concurrent.atomic=ALL-UNNAMED, -XX:MaxMetaspaceSize=384m, -XX:+HeapDumpOnOutOfMemoryError, -Xms256m, -Xmx512m, -Dfile.encoding=UTF-8, -Duser.country=KR, -Duser.language=ko, -Duser.variant]
2024-04-15T12:09:47.966+0900 [INFO] [org.gradle.launcher.daemon.server.Daemon] start() called on daemon - DefaultDaemonContext[uid=3caad29f-b4cb-4b3e-8800-4fedabb55260,javaHome=/Users/shindaeyeong/Library/Java/JavaVirtualMachines/graalvm-jdk-17.0.10/Contents/Home,daemonRegistryDir=/Users/shindaeyeong/Documents/MacBook Pro_Documents/itty_4rd_project/itty-spring-backend/daemon,pid=19379,idleTimeout=10800000,priority=NORMAL,applyInstrumentationAgent=true,daemonOpts=--add-opens=java.base/java.util=ALL-UNNAMED,--add-opens=java.base/java.lang=ALL-UNNAMED,--add-opens=java.base/java.lang.invoke=ALL-UNNAMED,--add-opens=java.prefs/java.util.prefs=ALL-UNNAMED,--add-opens=java.base/java.nio.charset=ALL-UNNAMED,--add-opens=java.base/java.net=ALL-UNNAMED,--add-opens=java.base/java.util.concurrent.atomic=ALL-UNNAMED,-XX:MaxMetaspaceSize=384m,-XX:+HeapDumpOnOutOfMemoryError,-Xms256m,-Xmx512m,-Dfile.encoding=UTF-8,-Duser.country=KR,-Duser.language=ko,-Duser.variant]
2024-04-15T12:09:47.986+0900 [DEBUG] [org.gradle.internal.remote.internal.inet.InetAddresses] Adding IP addresses for network interface utun7
2024-04-15T12:09:47.986+0900 [DEBUG] [org.gradle.internal.remote.internal.inet.InetAddresses] Is this a loopback interface? false
2024-04-15T12:09:47.986+0900 [DEBUG] [org.gradle.internal.remote.internal.inet.InetAddresses] Adding remote address /fe80:0:0:0:3179:1226:37ba:6204%utun7
2024-04-15T12:09:47.986+0900 [DEBUG] [org.gradle.internal.remote.internal.inet.InetAddresses] Adding IP addresses for network interface utun6
2024-04-15T12:09:47.987+0900 [DEBUG] [org.gradle.internal.remote.internal.inet.InetAddresses] Is this a loopback interface? false
2024-04-15T12:09:47.987+0900 [DEBUG] [org.gradle.internal.remote.internal.inet.InetAddresses] Adding remote address /fe80:0:0:0:b06b:de5f:6f74:6fa0%utun6
2024-04-15T12:09:47.987+0900 [DEBUG] [org.gradle.internal.remote.internal.inet.InetAddresses] Adding IP addresses for network interface utun5
2024-04-15T12:09:47.987+0900 [DEBUG] [org.gradle.internal.remote.internal.inet.InetAddresses] Is this a loopback interface? false
2024-04-15T12:09:47.987+0900 [DEBUG] [org.gradle.internal.remote.internal.inet.InetAddresses] Adding remote address /fe80:0:0:0:913d:ba5f:3cd3:e846%utun5
2024-04-15T12:09:47.987+0900 [DEBUG] [org.gradle.internal.remote.internal.inet.InetAddresses] Adding IP addresses for network interface utun4
2024-04-15T12:09:47.987+0900 [DEBUG] [org.gradle.internal.remote.internal.inet.InetAddresses] Is this a loopback interface? false
2024-04-15T12:09:47.988+0900 [DEBUG] [org.gradle.internal.remote.internal.inet.InetAddresses] Adding remote address /fe80:0:0:0:25b4:6a67:7ff0:2fe2%utun4
2024-04-15T12:09:47.988+0900 [DEBUG] [org.gradle.internal.remote.internal.inet.InetAddresses] Adding IP addresses for network interface utun3
2024-04-15T12:09:47.988+0900 [DEBUG] [org.gradle.internal.remote.internal.inet.InetAddresses] Is this a loopback interface? false
2024-04-15T12:09:47.988+0900 [DEBUG] [org.gradle.internal.remote.internal.inet.InetAddresses] Adding remote address /fe80:0:0:0:ce81:b1c:bd2c:69e%utun3
2024-04-15T12:09:47.988+0900 [DEBUG] [org.gradle.internal.remote.internal.inet.InetAddresses] Adding IP addresses for network interface utun2
2024-04-15T12:09:47.988+0900 [DEBUG] [org.gradle.internal.remote.internal.inet.InetAddresses] Is this a loopback interface? false
2024-04-15T12:09:47.988+0900 [DEBUG] [org.gradle.internal.remote.internal.inet.InetAddresses] Adding remote address /fe80:0:0:0:d914:aa02:ef97:2640%utun2
2024-04-15T12:09:47.988+0900 [DEBUG] [org.gradle.internal.remote.internal.inet.InetAddresses] Adding IP addresses for network interface utun1
2024-04-15T12:09:47.988+0900 [DEBUG] [org.gradle.internal.remote.internal.inet.InetAddresses] Is this a loopback interface? false
2024-04-15T12:09:47.989+0900 [DEBUG] [org.gradle.internal.remote.internal.inet.InetAddresses] Adding remote address /fe80:0:0:0:a748:6fe0:2065:65e7%utun1
2024-04-15T12:09:47.989+0900 [DEBUG] [org.gradle.internal.remote.internal.inet.InetAddresses] Adding IP addresses for network interface utun0
2024-04-15T12:09:47.989+0900 [DEBUG] [org.gradle.internal.remote.internal.inet.InetAddresses] Is this a loopback interface? false
2024-04-15T12:09:47.989+0900 [DEBUG] [org.gradle.internal.remote.internal.inet.InetAddresses] Adding remote address /fe80:0:0:0:2f40:abfb:2cb1:8e13%utun0
2024-04-15T12:09:47.989+0900 [DEBUG] [org.gradle.internal.remote.internal.inet.InetAddresses] Adding IP addresses for network interface llw0
2024-04-15T12:09:47.989+0900 [DEBUG] [org.gradle.internal.remote.internal.inet.InetAddresses] Is this a loopback interface? false
2024-04-15T12:09:47.989+0900 [DEBUG] [org.gradle.internal.remote.internal.inet.InetAddresses] Adding remote address /fe80:0:0:0:b078:c8ff:fe88:f06a%llw0
2024-04-15T12:09:47.989+0900 [DEBUG] [org.gradle.internal.remote.internal.inet.InetAddresses] Adding IP addresses for network interface awdl0
2024-04-15T12:09:47.989+0900 [DEBUG] [org.gradle.internal.remote.internal.inet.InetAddresses] Is this a loopback interface? false
2024-04-15T12:09:47.989+0900 [DEBUG] [org.gradle.internal.remote.internal.inet.InetAddresses] Adding remote address /fe80:0:0:0:b078:c8ff:fe88:f06a%awdl0
2024-04-15T12:09:47.989+0900 [DEBUG] [org.gradle.internal.remote.internal.inet.InetAddresses] Adding IP addresses for network interface en0
2024-04-15T12:09:47.989+0900 [DEBUG] [org.gradle.internal.remote.internal.inet.InetAddresses] Is this a loopback interface? false
2024-04-15T12:09:47.989+0900 [DEBUG] [org.gradle.internal.remote.internal.inet.InetAddresses] Adding remote address /fe80:0:0:0:cf1:4e3e:d59d:2414%en0
2024-04-15T12:09:47.990+0900 [DEBUG] [org.gradle.internal.remote.internal.inet.InetAddresses] Adding remote address /192.168.0.66
2024-04-15T12:09:47.990+0900 [DEBUG] [org.gradle.internal.remote.internal.inet.InetAddresses] Adding IP addresses for network interface lo0
2024-04-15T12:09:47.990+0900 [DEBUG] [org.gradle.internal.remote.internal.inet.InetAddresses] Is this a loopback interface? true
2024-04-15T12:09:47.990+0900 [DEBUG] [org.gradle.internal.remote.internal.inet.InetAddresses] Ignoring remote address on loopback interface /fe80:0:0:0:0:0:0:1%lo0
2024-04-15T12:09:47.990+0900 [DEBUG] [org.gradle.internal.remote.internal.inet.InetAddresses] Adding loopback address /0:0:0:0:0:0:0:1%lo0
2024-04-15T12:09:47.990+0900 [DEBUG] [org.gradle.internal.remote.internal.inet.InetAddresses] Adding loopback address /127.0.0.1
2024-04-15T12:09:47.993+0900 [DEBUG] [org.gradle.internal.remote.internal.inet.TcpIncomingConnector] Listening on [4cf6db5e-439c-4597-99ec-455f6fabccb0 port:59813, addresses:[localhost/127.0.0.1]].
2024-04-15T12:09:47.993+0900 [DEBUG] [org.gradle.launcher.daemon.server.Daemon] Daemon starting at: Mon Apr 15 12:09:47 KST 2024, with address: [4cf6db5e-439c-4597-99ec-455f6fabccb0 port:59813, addresses:[localhost/127.0.0.1]]
2024-04-15T12:09:47.993+0900 [INFO] [org.gradle.launcher.daemon.server.DaemonRegistryUpdater] Advertising the daemon address to the clients: [4cf6db5e-439c-4597-99ec-455f6fabccb0 port:59813, addresses:[localhost/127.0.0.1]]
2024-04-15T12:09:47.993+0900 [DEBUG] [org.gradle.launcher.daemon.server.DaemonRegistryUpdater] Advertised daemon context: DefaultDaemonContext[uid=3caad29f-b4cb-4b3e-8800-4fedabb55260,javaHome=/Users/shindaeyeong/Library/Java/JavaVirtualMachines/graalvm-jdk-17.0.10/Contents/Home,daemonRegistryDir=/Users/shindaeyeong/Documents/MacBook Pro_Documents/itty_4rd_project/itty-spring-backend/daemon,pid=19379,idleTimeout=10800000,priority=NORMAL,applyInstrumentationAgent=true,daemonOpts=--add-opens=java.base/java.util=ALL-UNNAMED,--add-opens=java.base/java.lang=ALL-UNNAMED,--add-opens=java.base/java.lang.invoke=ALL-UNNAMED,--add-opens=java.prefs/java.util.prefs=ALL-UNNAMED,--add-opens=java.base/java.nio.charset=ALL-UNNAMED,--add-opens=java.base/java.net=ALL-UNNAMED,--add-opens=java.base/java.util.concurrent.atomic=ALL-UNNAMED,-XX:MaxMetaspaceSize=384m,-XX:+HeapDumpOnOutOfMemoryError,-Xms256m,-Xmx512m,-Dfile.encoding=UTF-8,-Duser.country=KR,-Duser.language=ko,-Duser.variant]
2024-04-15T12:09:47.994+0900 [DEBUG] [org.gradle.launcher.daemon.registry.PersistentDaemonRegistry] Storing daemon address: [4cf6db5e-439c-4597-99ec-455f6fabccb0 port:59813, addresses:[localhost/127.0.0.1]], context: DefaultDaemonContext[uid=3caad29f-b4cb-4b3e-8800-4fedabb55260,javaHome=/Users/shindaeyeong/Library/Java/JavaVirtualMachines/graalvm-jdk-17.0.10/Contents/Home,daemonRegistryDir=/Users/shindaeyeong/Documents/MacBook Pro_Documents/itty_4rd_project/itty-spring-backend/daemon,pid=19379,idleTimeout=10800000,priority=NORMAL,applyInstrumentationAgent=true,daemonOpts=--add-opens=java.base/java.util=ALL-UNNAMED,--add-opens=java.base/java.lang=ALL-UNNAMED,--add-opens=java.base/java.lang.invoke=ALL-UNNAMED,--add-opens=java.prefs/java.util.prefs=ALL-UNNAMED,--add-opens=java.base/java.nio.charset=ALL-UNNAMED,--add-opens=java.base/java.net=ALL-UNNAMED,--add-opens=java.base/java.util.concurrent.atomic=ALL-UNNAMED,-XX:MaxMetaspaceSize=384m,-XX:+HeapDumpOnOutOfMemoryError,-Xms256m,-Xmx512m,-Dfile.encoding=UTF-8,-Duser.country=KR,-Duser.language=ko,-Duser.variant]
2024-04-15T12:09:48.002+0900 [DEBUG] [org.gradle.cache.internal.DefaultFileLockManager] Waiting to acquire exclusive lock on daemon addresses registry.
2024-04-15T12:09:48.004+0900 [DEBUG] [org.gradle.cache.internal.DefaultFileLockManager] Lock acquired on daemon addresses registry.
2024-04-15T12:09:48.006+0900 [DEBUG] [org.gradle.cache.internal.DefaultFileLockManager] Releasing lock on daemon addresses registry.
2024-04-15T12:09:48.006+0900 [LIFECYCLE] [org.gradle.launcher.daemon.server.Daemon] Daemon server started.
2024-04-15T12:09:48.006+0900 [DEBUG] [org.gradle.launcher.daemon.bootstrap.DaemonStartupCommunication] Completed writing the daemon greeting. Closing streams...
2024-04-15T12:09:48.008+0900 [DEBUG] [org.gradle.launcher.daemon.server.Daemon] stopOnExpiration() called on daemon
2024-04-15T12:09:48.008+0900 [DEBUG] [org.gradle.launcher.daemon.server.Daemon] awaitExpiration() called on daemon
2024-04-15T12:09:48.008+0900 [DEBUG] [org.gradle.launcher.daemon.server.DaemonStateCoordinator] daemon is running. Sleeping until state changes.
2024-04-15T12:09:48.011+0900 [DEBUG] [org.gradle.internal.remote.internal.inet.TcpIncomingConnector] Accepted connection from /127.0.0.1:59814 to /127.0.0.1:59813.
2024-04-15T12:09:48.032+0900 [DEBUG] [org.gradle.launcher.daemon.server.SynchronizedDispatchConnection] thread 21: received class org.gradle.launcher.daemon.protocol.Build
2024-04-15T12:09:48.032+0900 [DEBUG] [org.gradle.launcher.daemon.server.DefaultDaemonConnection] thread 21: Received non-IO message from client: Build{id=d85ead89-2689-4374-afaf-f4f512b62561, currentDir=/Users/shindaeyeong/Documents/MacBook Pro_Documents/itty_4rd_project/itty-spring-backend}
2024-04-15T12:09:48.032+0900 [INFO] [org.gradle.launcher.daemon.server.DefaultIncomingConnectionHandler] Received command: Build{id=d85ead89-2689-4374-afaf-f4f512b62561, currentDir=/Users/shindaeyeong/Documents/MacBook Pro_Documents/itty_4rd_project/itty-spring-backend}.
2024-04-15T12:09:48.032+0900 [DEBUG] [org.gradle.launcher.daemon.server.DefaultIncomingConnectionHandler] Starting executing command: Build{id=d85ead89-2689-4374-afaf-f4f512b62561, currentDir=/Users/shindaeyeong/Documents/MacBook Pro_Documents/itty_4rd_project/itty-spring-backend} with connection: socket connection from /127.0.0.1:59813 to /127.0.0.1:59814.
2024-04-15T12:09:48.033+0900 [DEBUG] [org.gradle.launcher.daemon.server.DaemonStateCoordinator] Command execution: started DaemonCommandExecution[command = Build{id=d85ead89-2689-4374-afaf-f4f512b62561, currentDir=/Users/shindaeyeong/Documents/MacBook Pro_Documents/itty_4rd_project/itty-spring-backend}, connection = DefaultDaemonConnection: socket connection from /127.0.0.1:59813 to /127.0.0.1:59814] after 0.0 minutes of idle
2024-04-15T12:09:48.033+0900 [INFO] [org.gradle.launcher.daemon.server.DaemonRegistryUpdater] Marking the daemon as busy, address: [4cf6db5e-439c-4597-99ec-455f6fabccb0 port:59813, addresses:[localhost/127.0.0.1]]
2024-04-15T12:09:48.033+0900 [DEBUG] [org.gradle.launcher.daemon.registry.PersistentDaemonRegistry] Marking busy by address: [4cf6db5e-439c-4597-99ec-455f6fabccb0 port:59813, addresses:[localhost/127.0.0.1]]
2024-04-15T12:09:48.034+0900 [DEBUG] [org.gradle.cache.internal.DefaultFileLockManager] Waiting to acquire exclusive lock on daemon addresses registry.
2024-04-15T12:09:48.034+0900 [DEBUG] [org.gradle.cache.internal.DefaultFileLockManager] Lock acquired on daemon addresses registry.
2024-04-15T12:09:48.034+0900 [DEBUG] [org.gradle.cache.internal.DefaultFileLockManager] Releasing lock on daemon addresses registry.
2024-04-15T12:09:48.034+0900 [DEBUG] [org.gradle.launcher.daemon.server.DaemonStateCoordinator] resetting idle timer
2024-04-15T12:09:48.035+0900 [DEBUG] [org.gradle.launcher.daemon.server.DaemonStateCoordinator] daemon is running. Sleeping until state changes.
2024-04-15T12:09:48.035+0900 [INFO] [org.gradle.launcher.daemon.server.exec.StartBuildOrRespondWithBusy] Daemon is about to start building Build{id=d85ead89-2689-4374-afaf-f4f512b62561, currentDir=/Users/shindaeyeong/Documents/MacBook Pro_Documents/itty_4rd_project/itty-spring-backend}. Dispatching build started information...
2024-04-15T12:09:48.035+0900 [DEBUG] [org.gradle.launcher.daemon.server.SynchronizedDispatchConnection] thread 23: dispatching org.gradle.launcher.daemon.protocol.BuildStarted@143d0f87
2024-04-15T12:09:48.036+0900 [DEBUG] [org.gradle.launcher.daemon.server.exec.EstablishBuildEnvironment] Configuring env variables: [PATH, MANPATH, HOMEBREW_PREFIX, COMMAND_MODE, LOGNAME, HOMEBREW_REPOSITORY, XPC_SERVICE_NAME, INFOPATH, __CFBundleIdentifier, SHELL, PAGER, LSCOLORS, OLDPWD, HOMEBREW_CELLAR, USER, ZSH, TMPDIR, SSH_AUTH_SOCK, XPC_FLAGS, __CF_USER_TEXT_ENCODING, LESS, LC_CTYPE, LS_COLORS, IDEA_INITIAL_DIRECTORY, HOME]
2024-04-15T12:09:48.037+0900 [DEBUG] [org.gradle.launcher.daemon.server.exec.LogToClient] About to start relaying all logs to the client via the connection.
2024-04-15T12:09:48.037+0900 [INFO] [org.gradle.launcher.daemon.server.exec.LogToClient] The client will now receive all logging from the daemon (pid: 19379). The daemon log file: /Users/shindaeyeong/Documents/MacBook Pro_Documents/itty_4rd_project/itty-spring-backend/daemon/8.7/daemon-19379.out.log
2024-04-15T12:09:48.038+0900 [INFO] [org.gradle.launcher.daemon.server.exec.LogAndCheckHealth] Starting build in new daemon [memory: 512 MiB]
2024-04-15T12:09:48.039+0900 [DEBUG] [org.gradle.launcher.daemon.server.exec.ExecuteBuild] The daemon has started executing the build.
2024-04-15T12:09:48.039+0900 [DEBUG] [org.gradle.launcher.daemon.server.exec.ExecuteBuild] Executing build with daemon context: DefaultDaemonContext[uid=3caad29f-b4cb-4b3e-8800-4fedabb55260,javaHome=/Users/shindaeyeong/Library/Java/JavaVirtualMachines/graalvm-jdk-17.0.10/Contents/Home,daemonRegistryDir=/Users/shindaeyeong/Documents/MacBook Pro_Documents/itty_4rd_project/itty-spring-backend/daemon,pid=19379,idleTimeout=10800000,priority=NORMAL,applyInstrumentationAgent=true,daemonOpts=--add-opens=java.base/java.util=ALL-UNNAMED,--add-opens=java.base/java.lang=ALL-UNNAMED,--add-opens=java.base/java.lang.invoke=ALL-UNNAMED,--add-opens=java.prefs/java.util.prefs=ALL-UNNAMED,--add-opens=java.base/java.nio.charset=ALL-UNNAMED,--add-opens=java.base/java.net=ALL-UNNAMED,--add-opens=java.base/java.util.concurrent.atomic=ALL-UNNAMED,-XX:MaxMetaspaceSize=384m,-XX:+HeapDumpOnOutOfMemoryError,-Xms256m,-Xmx512m,-Dfile.encoding=UTF-8,-Duser.country=KR,-Duser.language=ko,-Duser.variant]

FAILURE: Build failed with an exception.

* What went wrong:
Could not read workspace metadata from /Users/shindaeyeong/Documents/MacBook Pro_Documents/itty_4rd_project/itty-spring-backend/caches/8.7/groovy-dsl/a8ac73ab032244f13422d0a1719d448f/metadata.bin
> /Users/shindaeyeong/Documents/MacBook Pro_Documents/itty_4rd_project/itty-spring-backend/caches/8.7/groovy-dsl/a8ac73ab032244f13422d0a1719d448f/metadata.bin (No such file or directory)

* Try:
> Run with --stacktrace option to get the stack trace.
> Run with --info or --debug option to get more log output.
> Run with --scan to get full insights.
> Get more help at https://help.gradle.org.

BUILD FAILED in 1s
2024-04-15T12:09:48.833+0900 [DEBUG] [org.gradle.launcher.daemon.server.exec.ExecuteBuild] The daemon has finished executing the build.
2024-04-15T12:09:48.842+0900 [DEBUG] [org.gradle.launcher.daemon.server.DaemonStateCoordinator] daemon is running. Sleeping until state changes.
2024-04-15T12:09:48.842+0900 [DEBUG] [org.gradle.launcher.daemon.server.DaemonStateCoordinator] Command execution: finished waiting for DaemonCommandExecution[command = Build{id=d85ead89-2689-4374-afaf-f4f512b62561, currentDir=/Users/shindaeyeong/Documents/MacBook Pro_Documents/itty_4rd_project/itty-spring-backend}, connection = DefaultDaemonConnection: socket connection from /127.0.0.1:59813 to /127.0.0.1:59814]. Result org.gradle.launcher.daemon.server.DaemonStateCoordinator@1d35dae2 with state Busy
2024-04-15T12:09:48.842+0900 [DEBUG] [org.gradle.launcher.daemon.server.DaemonStateCoordinator] Command execution: completed DaemonCommandExecution[command = Build{id=d85ead89-2689-4374-afaf-f4f512b62561, currentDir=/Users/shindaeyeong/Documents/MacBook Pro_Documents/itty_4rd_project/itty-spring-backend}, connection = DefaultDaemonConnection: socket connection from /127.0.0.1:59813 to /127.0.0.1:59814]
2024-04-15T12:09:48.842+0900 [DEBUG] [org.gradle.launcher.daemon.server.DaemonStateCoordinator] resetting idle timer
2024-04-15T12:09:48.842+0900 [INFO] [org.gradle.launcher.daemon.server.DaemonRegistryUpdater] Marking the daemon as idle, address: [4cf6db5e-439c-4597-99ec-455f6fabccb0 port:59813, addresses:[localhost/127.0.0.1]]
2024-04-15T12:09:48.843+0900 [DEBUG] [org.gradle.launcher.daemon.registry.PersistentDaemonRegistry] Marking busy by address: [4cf6db5e-439c-4597-99ec-455f6fabccb0 port:59813, addresses:[localhost/127.0.0.1]]
2024-04-15T12:09:48.843+0900 [DEBUG] [org.gradle.cache.internal.DefaultFileLockManager] Waiting to acquire exclusive lock on daemon addresses registry.
2024-04-15T12:09:48.843+0900 [DEBUG] [org.gradle.cache.internal.DefaultFileLockManager] Lock acquired on daemon addresses registry.
2024-04-15T12:09:48.843+0900 [DEBUG] [org.gradle.cache.internal.DefaultFileLockManager] Releasing lock on daemon addresses registry.
2024-04-15T12:09:48.843+0900 [DEBUG] [org.gradle.launcher.daemon.server.DaemonStateCoordinator] daemon is running. Sleeping until state changes.
2024-04-15T12:09:48.843+0900 [DEBUG] [org.gradle.launcher.daemon.server.exec.ReturnResult] Daemon is dispatching the build result: Success[value=org.gradle.launcher.exec.BuildActionResult@558f0292]
2024-04-15T12:09:48.843+0900 [DEBUG] [org.gradle.launcher.daemon.server.SynchronizedDispatchConnection] thread 20: dispatching Success[value=org.gradle.launcher.exec.BuildActionResult@558f0292]
2024-04-15T12:09:48.851+0900 [DEBUG] [org.gradle.launcher.daemon.server.exec.CleanUpVirtualFileSystemAfterBuild] Cleaning virtual file system after build finished
2024-04-15T12:09:48.852+0900 [DEBUG] [org.gradle.launcher.daemon.server.DefaultIncomingConnectionHandler] Finishing executing command: Build{id=d85ead89-2689-4374-afaf-f4f512b62561, currentDir=/Users/shindaeyeong/Documents/MacBook Pro_Documents/itty_4rd_project/itty-spring-backend}
2024-04-15T12:09:48.856+0900 [DEBUG] [org.gradle.launcher.daemon.server.SynchronizedDispatchConnection] thread 21: received class org.gradle.launcher.daemon.protocol.CloseInput
2024-04-15T12:09:48.856+0900 [DEBUG] [org.gradle.launcher.daemon.server.DefaultDaemonConnection] thread 21: Received IO message from client: org.gradle.launcher.daemon.protocol.CloseInput@56a50f1d
2024-04-15T12:09:48.856+0900 [DEBUG] [org.gradle.launcher.daemon.server.SynchronizedDispatchConnection] thread 21: received class org.gradle.launcher.daemon.protocol.Finished
2024-04-15T12:09:48.856+0900 [DEBUG] [org.gradle.launcher.daemon.server.DefaultDaemonConnection] thread 21: Received non-IO message from client: org.gradle.launcher.daemon.protocol.Finished@c7bbf44
2024-04-15T12:09:48.856+0900 [DEBUG] [org.gradle.launcher.daemon.server.DefaultIncomingConnectionHandler] Received finished message: org.gradle.launcher.daemon.protocol.Finished@c7bbf44
2024-04-15T12:09:48.856+0900 [DEBUG] [org.gradle.internal.remote.internal.inet.SocketConnection] Discarding EOFException: java.io.EOFException
2024-04-15T12:09:48.857+0900 [DEBUG] [org.gradle.launcher.daemon.server.SynchronizedDispatchConnection] thread 20: stopping connection
2024-04-15T12:09:48.857+0900 [DEBUG] [org.gradle.launcher.daemon.server.SynchronizedDispatchConnection] thread 21: received null
2024-04-15T12:09:48.857+0900 [DEBUG] [org.gradle.launcher.daemon.server.DefaultDaemonConnection] thread 21: Received end-of-input from client.
2024-04-15T12:09:48.858+0900 [DEBUG] [org.gradle.launcher.daemon.server.SynchronizedDispatchConnection] thread 20: stopping connection
2024-04-15T12:09:58.013+0900 [DEBUG] [org.gradle.cache.internal.DefaultFileLockManager] Waiting to acquire shared lock on daemon addresses registry.
2024-04-15T12:09:58.014+0900 [DEBUG] [org.gradle.cache.internal.DefaultFileLockManager] Lock acquired on daemon addresses registry.
2024-04-15T12:09:58.015+0900 [DEBUG] [org.gradle.cache.internal.DefaultFileLockManager] Releasing lock on daemon addresses registry.
2024-04-15T12:09:58.017+0900 [DEBUG] [org.gradle.cache.internal.DefaultFileLockManager] Waiting to acquire shared lock on daemon addresses registry.
2024-04-15T12:09:58.017+0900 [DEBUG] [org.gradle.cache.internal.DefaultFileLockManager] Lock acquired on daemon addresses registry.
2024-04-15T12:09:58.018+0900 [DEBUG] [org.gradle.cache.internal.DefaultFileLockManager] Releasing lock on daemon addresses registry.
2024-04-15T12:10:02.069+0900 [DEBUG] [org.gradle.internal.remote.internal.inet.TcpIncomingConnector] Accepted connection from /127.0.0.1:59818 to /127.0.0.1:59813.
2024-04-15T12:10:02.070+0900 [DEBUG] [org.gradle.launcher.daemon.server.SynchronizedDispatchConnection] thread 41: received class org.gradle.launcher.daemon.protocol.StopWhenIdle
2024-04-15T12:10:02.070+0900 [DEBUG] [org.gradle.launcher.daemon.server.DefaultDaemonConnection] thread 41: Received non-IO message from client: StopWhenIdle[id=0919aa9d-61c8-449e-acc2-a6f5c3e11573]
2024-04-15T12:10:02.070+0900 [INFO] [org.gradle.launcher.daemon.server.DefaultIncomingConnectionHandler] Received command: StopWhenIdle[id=0919aa9d-61c8-449e-acc2-a6f5c3e11573].
2024-04-15T12:10:02.070+0900 [DEBUG] [org.gradle.launcher.daemon.server.DefaultIncomingConnectionHandler] Starting executing command: StopWhenIdle[id=0919aa9d-61c8-449e-acc2-a6f5c3e11573] with connection: socket connection from /127.0.0.1:59813 to /127.0.0.1:59818.
2024-04-15T12:10:02.071+0900 [DEBUG] [org.gradle.launcher.daemon.server.DaemonRegistryUpdater] Storing daemon stop event: stop command received
2024-04-15T12:10:02.071+0900 [DEBUG] [org.gradle.launcher.daemon.registry.PersistentDaemonRegistry] Storing daemon stop event with timestamp 1713150602071
2024-04-15T12:10:02.071+0900 [DEBUG] [org.gradle.cache.internal.DefaultFileLockManager] Waiting to acquire exclusive lock on daemon addresses registry.
2024-04-15T12:10:02.071+0900 [DEBUG] [org.gradle.cache.internal.DefaultFileLockManager] Lock acquired on daemon addresses registry.
2024-04-15T12:10:02.072+0900 [DEBUG] [org.gradle.cache.internal.DefaultFileLockManager] Releasing lock on daemon addresses registry.
2024-04-15T12:10:02.072+0900 [LIFECYCLE] [org.gradle.launcher.daemon.server.DaemonStateCoordinator] Daemon will be stopped at the end of the build stop command received
2024-04-15T12:10:02.072+0900 [DEBUG] [org.gradle.launcher.daemon.server.DaemonStateCoordinator] Marking daemon stopped due to stop command received. The daemon is running a build: false
2024-04-15T12:10:02.072+0900 [DEBUG] [org.gradle.launcher.daemon.server.DaemonStateCoordinator] daemon has stopped.
2024-04-15T12:10:02.072+0900 [DEBUG] [org.gradle.launcher.daemon.server.SynchronizedDispatchConnection] thread 20: dispatching Success[value=null]
2024-04-15T12:10:02.072+0900 [DEBUG] [org.gradle.launcher.daemon.server.Daemon] stop() called on daemon
2024-04-15T12:10:02.081+0900 [INFO] [org.gradle.launcher.daemon.server.Daemon] Stop requested. Daemon is removing its presence from the registry...
2024-04-15T12:10:02.081+0900 [DEBUG] [org.gradle.launcher.daemon.server.DefaultIncomingConnectionHandler] Finishing executing command: StopWhenIdle[id=0919aa9d-61c8-449e-acc2-a6f5c3e11573]
2024-04-15T12:10:02.081+0900 [DEBUG] [org.gradle.launcher.daemon.server.DaemonRegistryUpdater] Removing our presence to clients, eg. removing this address from the registry: [4cf6db5e-439c-4597-99ec-455f6fabccb0 port:59813, addresses:[localhost/127.0.0.1]]
2024-04-15T12:10:02.081+0900 [DEBUG] [org.gradle.launcher.daemon.server.SynchronizedDispatchConnection] thread 41: received class org.gradle.launcher.daemon.protocol.Finished
2024-04-15T12:10:02.081+0900 [DEBUG] [org.gradle.launcher.daemon.registry.PersistentDaemonRegistry] Removing daemon address: [4cf6db5e-439c-4597-99ec-455f6fabccb0 port:59813, addresses:[localhost/127.0.0.1]]
2024-04-15T12:10:02.081+0900 [DEBUG] [org.gradle.launcher.daemon.server.DefaultDaemonConnection] thread 41: Received non-IO message from client: org.gradle.launcher.daemon.protocol.Finished@2f1e82ea
2024-04-15T12:10:02.081+0900 [DEBUG] [org.gradle.internal.remote.internal.inet.SocketConnection] Discarding EOFException: java.io.EOFException
2024-04-15T12:10:02.081+0900 [DEBUG] [org.gradle.launcher.daemon.server.SynchronizedDispatchConnection] thread 41: received null
2024-04-15T12:10:02.081+0900 [DEBUG] [org.gradle.launcher.daemon.server.DefaultDaemonConnection] thread 41: Received end-of-input from client.
2024-04-15T12:10:02.081+0900 [DEBUG] [org.gradle.launcher.daemon.server.DefaultIncomingConnectionHandler] Received finished message: org.gradle.launcher.daemon.protocol.Finished@2f1e82ea
2024-04-15T12:10:02.082+0900 [DEBUG] [org.gradle.launcher.daemon.server.SynchronizedDispatchConnection] thread 20: stopping connection
2024-04-15T12:10:02.082+0900 [DEBUG] [org.gradle.cache.internal.DefaultFileLockManager] Waiting to acquire exclusive lock on daemon addresses registry.
2024-04-15T12:10:02.082+0900 [DEBUG] [org.gradle.launcher.daemon.server.SynchronizedDispatchConnection] thread 20: stopping connection
2024-04-15T12:10:02.082+0900 [DEBUG] [org.gradle.cache.internal.DefaultFileLockManager] Lock acquired on daemon addresses registry.
2024-04-15T12:10:02.082+0900 [DEBUG] [org.gradle.cache.internal.DefaultFileLockManager] Releasing lock on daemon addresses registry.
2024-04-15T12:10:02.082+0900 [DEBUG] [org.gradle.launcher.daemon.server.DaemonRegistryUpdater] Address removed from registry.
2024-04-15T12:10:02.083+0900 [DEBUG] [org.gradle.cache.internal.LockOnDemandCrossProcessCacheAccess] Releasing file lock for jars (/Users/shindaeyeong/Documents/MacBook Pro_Documents/itty_4rd_project/itty-spring-backend/caches/jars-9)
2024-04-15T12:10:02.084+0900 [DEBUG] [org.gradle.cache.internal.DefaultFileLockManager] Releasing lock on jars (/Users/shindaeyeong/Documents/MacBook Pro_Documents/itty_4rd_project/itty-spring-backend/caches/jars-9).
2024-04-15T12:10:02.084+0900 [DEBUG] [org.gradle.cache.internal.DefaultPersistentDirectoryStore] jars (/Users/shindaeyeong/Documents/MacBook Pro_Documents/itty_4rd_project/itty-spring-backend/caches/jars-9) has last been fully cleaned up 0 hours ago
2024-04-15T12:10:02.084+0900 [DEBUG] [org.gradle.cache.internal.LockOnDemandCrossProcessCacheAccess] Releasing file lock for file content cache (/Users/shindaeyeong/Documents/MacBook Pro_Documents/itty_4rd_project/itty-spring-backend/caches/8.7/fileContent)
2024-04-15T12:10:02.084+0900 [DEBUG] [org.gradle.cache.internal.DefaultFileLockManager] Releasing lock on file content cache (/Users/shindaeyeong/Documents/MacBook Pro_Documents/itty_4rd_project/itty-spring-backend/caches/8.7/fileContent).
2024-04-15T12:10:02.085+0900 [DEBUG] [org.gradle.internal.watch.vfs.impl.WatchingVirtualFileSystem] Closing VFS, dropping state
2024-04-15T12:10:02.085+0900 [DEBUG] [org.gradle.internal.watch.registry.impl.DefaultFileWatcherRegistry] Finished listening to file system change events
2024-04-15T12:10:02.085+0900 [DEBUG] [org.gradle.cache.internal.DefaultCacheCoordinator] Cache Generated Gradle JARs cache (/Users/shindaeyeong/Documents/MacBook Pro_Documents/itty_4rd_project/itty-spring-backend/caches/8.7/generated-gradle-jars) was closed 0 times.
2024-04-15T12:10:02.086+0900 [DEBUG] [org.gradle.cache.internal.DefaultPersistentDirectoryStore] Artifact transforms cache (/Users/shindaeyeong/Documents/MacBook Pro_Documents/itty_4rd_project/itty-spring-backend/caches/transforms-4) has last been fully cleaned up 0 hours ago
2024-04-15T12:10:02.086+0900 [DEBUG] [org.gradle.cache.internal.DefaultCacheCoordinator] Cache Artifact transforms cache (/Users/shindaeyeong/Documents/MacBook Pro_Documents/itty_4rd_project/itty-spring-backend/caches/transforms-4) was closed 0 times.
2024-04-15T12:10:02.086+0900 [DEBUG] [org.gradle.cache.internal.LockOnDemandCrossProcessCacheAccess] Releasing file lock for artifact cache (/Users/shindaeyeong/Documents/MacBook Pro_Documents/itty_4rd_project/itty-spring-backend/caches/modules-2)
2024-04-15T12:10:02.086+0900 [DEBUG] [org.gradle.cache.internal.DefaultFileLockManager] Releasing lock on artifact cache (/Users/shindaeyeong/Documents/MacBook Pro_Documents/itty_4rd_project/itty-spring-backend/caches/modules-2).
2024-04-15T12:10:02.086+0900 [DEBUG] [org.gradle.cache.internal.DefaultPersistentDirectoryStore] artifact cache (/Users/shindaeyeong/Documents/MacBook Pro_Documents/itty_4rd_project/itty-spring-backend/caches/modules-2) has last been fully cleaned up 0 hours ago
2024-04-15T12:10:02.086+0900 [DEBUG] [org.gradle.cache.internal.DefaultPersistentDirectoryStore] groovy-dsl (/Users/shindaeyeong/Documents/MacBook Pro_Documents/itty_4rd_project/itty-spring-backend/caches/8.7/groovy-dsl) has last been fully cleaned up 0 hours ago
2024-04-15T12:10:02.086+0900 [DEBUG] [org.gradle.cache.internal.DefaultCacheCoordinator] Cache groovy-dsl (/Users/shindaeyeong/Documents/MacBook Pro_Documents/itty_4rd_project/itty-spring-backend/caches/8.7/groovy-dsl) was closed 0 times.
2024-04-15T12:10:02.087+0900 [DEBUG] [org.gradle.cache.internal.LockOnDemandCrossProcessCacheAccess] Releasing file lock for journal cache (/Users/shindaeyeong/Documents/MacBook Pro_Documents/itty_4rd_project/itty-spring-backend/caches/journal-1)
2024-04-15T12:10:02.087+0900 [DEBUG] [org.gradle.cache.internal.btree.BTreePersistentIndexedCache] Closing cache file-access.bin (/Users/shindaeyeong/Documents/MacBook Pro_Documents/itty_4rd_project/itty-spring-backend/caches/journal-1/file-access.bin)
2024-04-15T12:10:02.088+0900 [DEBUG] [org.gradle.cache.internal.DefaultFileLockManager] Releasing lock on journal cache (/Users/shindaeyeong/Documents/MacBook Pro_Documents/itty_4rd_project/itty-spring-backend/caches/journal-1).
2024-04-15T12:10:02.088+0900 [DEBUG] [org.gradle.cache.internal.LockOnDemandCrossProcessCacheAccess] Releasing file lock for file hash cache (/Users/shindaeyeong/Documents/MacBook Pro_Documents/itty_4rd_project/itty-spring-backend/caches/8.7/fileHashes)
2024-04-15T12:10:02.088+0900 [DEBUG] [org.gradle.cache.internal.btree.BTreePersistentIndexedCache] Closing cache fileHashes.bin (/Users/shindaeyeong/Documents/MacBook Pro_Documents/itty_4rd_project/itty-spring-backend/caches/8.7/fileHashes/fileHashes.bin)
2024-04-15T12:10:02.088+0900 [DEBUG] [org.gradle.cache.internal.btree.BTreePersistentIndexedCache] Closing cache resourceHashesCache.bin (/Users/shindaeyeong/Documents/MacBook Pro_Documents/itty_4rd_project/itty-spring-backend/caches/8.7/fileHashes/resourceHashesCache.bin)
2024-04-15T12:10:02.088+0900 [DEBUG] [org.gradle.cache.internal.DefaultFileLockManager] Releasing lock on file hash cache (/Users/shindaeyeong/Documents/MacBook Pro_Documents/itty_4rd_project/itty-spring-backend/caches/8.7/fileHashes).
Daemon vm is shutting down... The daemon has exited normally or was terminated in response to a user interrupt.
2024-04-15T12:10:02.089+0900 [DEBUG] [org.gradle.launcher.daemon.registry.PersistentDaemonRegistry] Removing daemon address: [4cf6db5e-439c-4597-99ec-455f6fabccb0 port:59813, addresses:[localhost/127.0.0.1]]
2024-04-15T12:10:02.089+0900 [DEBUG] [org.gradle.cache.internal.DefaultFileLockManager] Waiting to acquire exclusive lock on daemon addresses registry.
2024-04-15T12:10:02.089+0900 [DEBUG] [org.gradle.cache.internal.DefaultFileLockManager] Lock acquired on daemon addresses registry.
2024-04-15T12:10:02.089+0900 [DEBUG] [org.gradle.cache.internal.DefaultFileLockManager] Releasing lock on daemon addresses registry.
